Hello Raycasted World
[2J[1;1H[2J[1;1H[2J[1;1H[2J[1;1H[2J[1;1H[2J[1;1H[2J[1;1H[2J[1;1H[2J[1;1H[2J[1;1Htext[0] ./textures/hres_xpm/brick_german_flag.xpm
text[1] ./textures/hres_xpm/red_brick.xpm
text[2] ./textures/hres_xpm/red_brick.xpm
text[3] ./textures/hres_xpm/red_brick.xpm
color[0] 120,120,120
color[1] 81,81,81
Color ceiling r:[120] g:[120] b:[120]
Color floor r:[81] g:[81] b:[81]
Player start status : [N] @ (4.500000:10.500000)
11111111111111111111111111111
100000000011000000000000D0001
101100000111000000G000001000111
1G0D000000D00000000000001000DG1
1D1100000111000000G000001000111
1001G100001100000111011110001
11110111111111011100000010001
1111D111111111011111D1111D111
11000000110101D111000111100G1
1000000000000GG01100011100011
1000000000000GG0110G00D00001
11111111111111111111111111111
sizeof unsigned int : [4]
mlx init ok
mlx win ok
screen mlx image ok
backgd mlx image ok
minimap mlx image ok
mlx image loading ok
[./sprites/guard/xpm/f0.xpm][0]
[./sprites/guard/xpm/f1.xpm][1]
[./sprites/guard/xpm/f2.xpm][2]
[./sprites/guard/xpm/f3.xpm][3]
[./sprites/guard/xpm/d1.xpm][4]
[./sprites/guard/xpm/d2.xpm][5]
[./sprites/guard/xpm/d3.xpm][6]
[./sprites/guard/xpm/d4.xpm][7]
[./sprites/guard/xpm/d5.xpm][8]
mlx textures loading ok
mlx hooking mouse ok
mlx mouse hiding ok
mlx hook quit ok
mlx key press ok
mlx key release ok
mlx autorepeat off ok
mlx rendering loop hook ok
0 0 0 0 [32m4 [0m0 0 0 0 
0 0 0 0 [32m3 [0m0 0 0 0 
0 0 0 0 [32m2 [0m0 0 0 0 
0 0 0 0 [32m1 [0m0 0 0 0 
0 0 0 0 [34m0 [0m0 0 0 0 
0 0 0 0 0 0 0 0 0 
0 0 0 0 0 0 0 0 0 
0 0 0 0 0 0 0 0 0 
0 0 0 0 0 0 0 0 0 

pos_x/pos_y: (4.500000:10.500000)
dir_x/dir_y: (0.000000:-1.000000)
plane_x/plane_y: (0.900000:0.000000)
pente y/x : (0.000000)
delta_dist_x/delta_dist_y: (0.000000:0.000000)


world pos_x/pos_y : [18.500000/2.500000]
cam pos_x/pos_y : [0.000000/0.000000]
norm/dir_proj/plane_proj : [0.000000/0.000000/0.000000]
screen_x/screen_height/screen_width/to_show : [0/0/0/0]
 screen_x_start/end: [0][0]
 screen_y_start/end: [0][0]
gun hit = [0]
last key pressed : [0]
0 0 0 0 0 0 0 0 0 
0 0 0 0 0 0 0 0 0 
0 0 0 0 0 0 0 0 [32m6 [0m
0 0 0 0 0 0 [32m3 [0m[33m4 [0m[33m5 [0m
0 0 0 0 [34m0 [0m[33m1 [0m[33m2 [0m0 0 
0 0 0 0 0 0 0 0 0 
0 0 0 0 0 0 0 0 0 
0 0 0 0 0 0 0 0 0 
0 0 0 0 0 0 0 0 0 

pos_x/pos_y: (4.500000:10.500000)
dir_x/dir_y: (0.901455:-0.432873)
plane_x/plane_y: (0.389585:0.811310)
pente y/x : (-0.480193)
delta_dist_x/delta_dist_y: (1.109318:2.310148)


world pos_x/pos_y : [18.500000/2.500000]
cam pos_x/pos_y : [14.000000/-8.000000]
norm/dir_proj/plane_proj : [16.124516/16.083351/-1.151425]
screen_x/screen_height/screen_width/to_show : [589/37/21/1]
 screen_x_start/end: [579][599]
 screen_y_start/end: [347][383]
gun hit = [0]
last key pressed : [0]
0 0 0 0 0 0 0 0 0 
0 0 0 0 0 0 0 0 0 
0 0 0 0 0 0 0 0 [32m6 [0m
0 0 0 0 0 0 [32m3 [0m[33m4 [0m[33m5 [0m
0 0 0 0 [34m0 [0m[33m1 [0m[33m2 [0m0 0 
0 0 0 0 0 0 0 0 0 
0 0 0 0 0 0 0 0 0 
0 0 0 0 0 0 0 0 0 
0 0 0 0 0 0 0 0 0 

pos_x/pos_y: (4.500000:10.500000)
dir_x/dir_y: (0.901455:-0.432873)
plane_x/plane_y: (0.389585:0.811310)
pente y/x : (-0.480193)
delta_dist_x/delta_dist_y: (1.109318:2.310148)


world pos_x/pos_y : [18.500000/2.500000]
cam pos_x/pos_y : [14.000000/-8.000000]
norm/dir_proj/plane_proj : [16.124516/16.083351/-1.151425]
screen_x/screen_height/screen_width/to_show : [589/37/21/1]
 screen_x_start/end: [579][599]
 screen_y_start/end: [347][383]
gun hit = [0]
last key pressed : [0]
0 0 0 0 0 0 0 0 0 
0 0 0 0 0 0 0 0 0 
0 0 0 0 0 0 0 0 [32m6 [0m
0 0 0 0 0 0 [32m3 [0m[33m4 [0m[33m5 [0m
0 0 0 0 [34m0 [0m[33m1 [0m[33m2 [0m0 0 
0 0 0 0 0 0 0 0 0 
0 0 0 0 0 0 0 0 0 
0 0 0 0 0 0 0 0 0 
0 0 0 0 0 0 0 0 0 

pos_x/pos_y: (4.500000:10.500000)
dir_x/dir_y: (0.901455:-0.432873)
plane_x/plane_y: (0.389585:0.811310)
pente y/x : (-0.480193)
delta_dist_x/delta_dist_y: (1.109318:2.310148)


world pos_x/pos_y : [18.500000/2.500000]
cam pos_x/pos_y : [14.000000/-8.000000]
norm/dir_proj/plane_proj : [16.124516/16.083351/-1.151425]
screen_x/screen_height/screen_width/to_show : [589/37/21/1]
 screen_x_start/end: [579][599]
 screen_y_start/end: [347][383]
gun hit = [0]
last key pressed : [0]
0 0 0 0 0 0 0 0 0 
0 0 0 0 0 0 0 0 0 
0 0 0 0 0 0 0 0 [32m6 [0m
0 0 0 0 0 0 [32m3 [0m[33m4 [0m[33m5 [0m
0 0 0 0 [34m0 [0m[33m1 [0m[33m2 [0m0 0 
0 0 0 0 0 0 0 0 0 
0 0 0 0 0 0 0 0 0 
0 0 0 0 0 0 0 0 0 
0 0 0 0 0 0 0 0 0 

pos_x/pos_y: (4.500000:10.500000)
dir_x/dir_y: (0.901455:-0.432873)
plane_x/plane_y: (0.389585:0.811310)
pente y/x : (-0.480193)
delta_dist_x/delta_dist_y: (1.109318:2.310148)


world pos_x/pos_y : [18.500000/2.500000]
cam pos_x/pos_y : [14.000000/-8.000000]
norm/dir_proj/plane_proj : [16.124516/16.083351/-1.151425]
screen_x/screen_height/screen_width/to_show : [589/37/21/1]
 screen_x_start/end: [579][599]
 screen_y_start/end: [347][383]
gun hit = [0]
last key pressed : [0]
0 0 0 0 0 0 0 0 0 
0 0 0 0 0 0 0 0 0 
0 0 0 0 0 0 0 0 [32m6 [0m
0 0 0 0 0 0 [32m3 [0m[33m4 [0m[33m5 [0m
0 0 0 0 [34m0 [0m[33m1 [0m[33m2 [0m0 0 
0 0 0 0 0 0 0 0 0 
0 0 0 0 0 0 0 0 0 
0 0 0 0 0 0 0 0 0 
0 0 0 0 0 0 0 0 0 

pos_x/pos_y: (4.500000:10.500000)
dir_x/dir_y: (0.901455:-0.432873)
plane_x/plane_y: (0.389585:0.811310)
pente y/x : (-0.480193)
delta_dist_x/delta_dist_y: (1.109318:2.310148)


world pos_x/pos_y : [18.500000/2.500000]
cam pos_x/pos_y : [14.000000/-8.000000]
norm/dir_proj/plane_proj : [16.124516/16.083351/-1.151425]
screen_x/screen_height/screen_width/to_show : [589/37/21/1]
 screen_x_start/end: [579][599]
 screen_y_start/end: [347][383]
gun hit = [0]
last key pressed : [0]
0 0 0 0 0 0 0 0 0 
0 0 0 0 0 0 0 0 0 
0 0 0 0 0 0 0 0 [32m6 [0m
0 0 0 0 0 0 [32m3 [0m[33m4 [0m[33m5 [0m
0 0 0 0 [34m0 [0m[33m1 [0m[33m2 [0m0 0 
0 0 0 0 0 0 0 0 0 
0 0 0 0 0 0 0 0 0 
0 0 0 0 0 0 0 0 0 
0 0 0 0 0 0 0 0 0 

pos_x/pos_y: (4.500000:10.500000)
dir_x/dir_y: (0.901455:-0.432873)
plane_x/plane_y: (0.389585:0.811310)
pente y/x : (-0.480193)
delta_dist_x/delta_dist_y: (1.109318:2.310148)


world pos_x/pos_y : [18.500000/2.500000]
cam pos_x/pos_y : [14.000000/-8.000000]
norm/dir_proj/plane_proj : [16.124516/16.083351/-1.151425]
screen_x/screen_height/screen_width/to_show : [589/37/21/1]
 screen_x_start/end: [579][599]
 screen_y_start/end: [347][383]
gun hit = [0]
last key pressed : [0]
0 0 0 0 0 0 0 0 0 
0 0 0 0 0 0 0 0 0 
0 0 0 0 0 0 0 0 [32m6 [0m
0 0 0 0 0 0 [32m3 [0m[33m4 [0m[33m5 [0m
0 0 0 0 [34m0 [0m[33m1 [0m[33m2 [0m0 0 
0 0 0 0 0 0 0 0 0 
0 0 0 0 0 0 0 0 0 
0 0 0 0 0 0 0 0 0 
0 0 0 0 0 0 0 0 0 

pos_x/pos_y: (4.500000:10.500000)
dir_x/dir_y: (0.901455:-0.432873)
plane_x/plane_y: (0.389585:0.811310)
pente y/x : (-0.480193)
delta_dist_x/delta_dist_y: (1.109318:2.310148)


world pos_x/pos_y : [18.500000/2.500000]
cam pos_x/pos_y : [14.000000/-8.000000]
norm/dir_proj/plane_proj : [16.124516/16.083351/-1.151425]
screen_x/screen_height/screen_width/to_show : [589/37/21/1]
 screen_x_start/end: [579][599]
 screen_y_start/end: [347][383]
gun hit = [0]
last key pressed : [0]
0 0 0 0 0 0 0 0 0 
0 0 0 0 0 0 0 0 0 
0 0 0 0 0 0 0 0 [32m6 [0m
0 0 0 0 0 0 [32m3 [0m[33m4 [0m[33m5 [0m
0 0 0 0 [34m0 [0m[33m1 [0m[33m2 [0m0 0 
0 0 0 0 0 0 0 0 0 
0 0 0 0 0 0 0 0 0 
0 0 0 0 0 0 0 0 0 
0 0 0 0 0 0 0 0 0 

pos_x/pos_y: (4.500000:10.500000)
dir_x/dir_y: (0.901455:-0.432873)
plane_x/plane_y: (0.389585:0.811310)
pente y/x : (-0.480193)
delta_dist_x/delta_dist_y: (1.109318:2.310148)


world pos_x/pos_y : [18.500000/2.500000]
cam pos_x/pos_y : [14.000000/-8.000000]
norm/dir_proj/plane_proj : [16.124516/16.083351/-1.151425]
screen_x/screen_height/screen_width/to_show : [589/37/21/1]
 screen_x_start/end: [579][599]
 screen_y_start/end: [347][383]
gun hit = [0]
last key pressed : [0]
0 0 0 0 0 0 0 0 0 
0 0 0 0 0 0 0 0 0 
0 0 0 0 0 0 0 0 [32m6 [0m
0 0 0 0 0 0 [32m3 [0m[33m4 [0m[33m5 [0m
0 0 0 0 [34m0 [0m[33m1 [0m[33m2 [0m0 0 
0 0 0 0 0 0 0 0 0 
0 0 0 0 0 0 0 0 0 
0 0 0 0 0 0 0 0 0 
0 0 0 0 0 0 0 0 0 

pos_x/pos_y: (4.500000:10.500000)
dir_x/dir_y: (0.901455:-0.432873)
plane_x/plane_y: (0.389585:0.811310)
pente y/x : (-0.480193)
delta_dist_x/delta_dist_y: (1.109318:2.310148)


world pos_x/pos_y : [18.500000/2.500000]
cam pos_x/pos_y : [14.000000/-8.000000]
norm/dir_proj/plane_pr[2J[1;1H[2J[1;1H[2J[1;1H[2J[1;1H[2J[1;1H[2J[1;1H[2J[1;1H[2J[1;1H[2J[1;1H[2J[1;1H[2J[1;1H[2J[1;1Hoj : [16.124516/16.083351/-1.151425]
screen_x/screen_height/screen_width/to_show : [589/37/21/1]
 screen_x_start/end: [579][599]
 screen_y_start/end: [347][383]
gun hit = [0]
last key pressed : [0]
0 0 0 0 0 0 0 0 0 
0 0 0 0 0 0 0 0 0 
0 0 0 0 0 0 0 0 [32m6 [0m
0 0 0 0 0 0 [32m3 [0m[33m4 [0m[33m5 [0m
0 0 0 0 [34m0 [0m[33m1 [0m[33m2 [0m0 0 
0 0 0 0 0 0 0 0 0 
0 0 0 0 0 0 0 0 0 
0 0 0 0 0 0 0 0 0 
0 0 0 0 0 0 0 0 0 

pos_x/pos_y: (4.500000:10.500000)
dir_x/dir_y: (0.901455:-0.432873)
plane_x/plane_y: (0.389585:0.811310)
pente y/x : (-0.480193)
delta_dist_x/delta_dist_y: (1.109318:2.310148)


world pos_x/pos_y : [18.500000/2.500000]
cam pos_x/pos_y : [14.000000/-8.000000]
norm/dir_proj/plane_proj : [16.124516/16.083351/-1.151425]
screen_x/screen_height/screen_width/to_show : [589/37/21/1]
 screen_x_start/end: [579][599]
 screen_y_start/end: [347][383]
gun hit = [0]
last key pressed : [0]
0 0 0 0 0 0 0 0 0 
0 0 0 0 0 0 0 0 0 
0 0 0 0 0 0 0 0 [32m6 [0m
0 0 0 0 0 0 [32m3 [0m[33m4 [0m[33m5 [0m
0 0 0 0 [34m0 [0m[33m1 [0m[33m2 [0m0 0 
0 0 0 0 0 0 0 0 0 
0 0 0 0 0 0 0 0 0 
0 0 0 0 0 0 0 0 0 
0 0 0 0 0 0 0 0 0 

pos_x/pos_y: (4.500000:10.500000)
dir_x/dir_y: (0.901455:-0.432873)
plane_x/plane_y: (0.389585:0.811310)
pente y/x : (-0.480193)
delta_dist_x/delta_dist_y: (1.109318:2.310148)


world pos_x/pos_y : [18.500000/2.500000]
cam pos_x/pos_y : [14.000000/-8.000000]
norm/dir_proj/plane_proj : [16.124516/16.083351/-1.151425]
screen_x/screen_height/screen_width/to_show : [589/37/21/1]
 screen_x_start/end: [579][599]
 screen_y_start/end: [347][383]
gun hit = [0]
last key pressed : [0]
0 0 0 0 0 0 0 0 0 
0 0 0 0 0 0 0 0 0 
0 0 0 0 0 0 0 0 [32m6 [0m
0 0 0 0 0 0 [32m3 [0m[33m4 [0m[33m5 [0m
0 0 0 0 [34m0 [0m[33m1 [0m[33m2 [0m0 0 
0 0 0 0 0 0 0 0 0 
0 0 0 0 0 0 0 0 0 
0 0 0 0 0 0 0 0 0 
0 0 0 0 0 0 0 0 0 

pos_x/pos_y: (4.500000:10.500000)
dir_x/dir_y: (0.901455:-0.432873)
plane_x/plane_y: (0.389585:0.811310)
pente y/x : (-0.480193)
delta_dist_x/delta_dist_y: (1.109318:2.310148)


world pos_x/pos_y : [18.500000/2.500000]
cam pos_x/pos_y : [14.000000/-8.000000]
norm/dir_proj/plane_proj : [16.124516/16.083351/-1.151425]
screen_x/screen_height/screen_width/to_show : [589/37/21/1]
 screen_x_start/end: [579][599]
 screen_y_start/end: [347][383]
gun hit = [0]
last key pressed : [0]
0 0 0 0 0 0 0 0 0 
0 0 0 0 0 0 0 0 0 
0 0 0 0 0 0 0 0 [32m6 [0m
0 0 0 0 0 0 [32m3 [0m[33m4 [0m[33m5 [0m
0 0 0 0 [34m0 [0m[33m1 [0m[33m2 [0m0 0 
0 0 0 0 0 0 0 0 0 
0 0 0 0 0 0 0 0 0 
0 0 0 0 0 0 0 0 0 
0 0 0 0 0 0 0 0 0 

pos_x/pos_y: (4.500000:10.500000)
dir_x/dir_y: (0.901455:-0.432873)
plane_x/plane_y: (0.389585:0.811310)
pente y/x : (-0.480193)
delta_dist_x/delta_dist_y: (1.109318:2.310148)


world pos_x/pos_y : [18.500000/2.500000]
cam pos_x/pos_y : [14.000000/-8.000000]
norm/dir_proj/plane_proj : [16.124516/16.083351/-1.151425]
screen_x/screen_height/screen_width/to_show : [589/37/21/1]
 screen_x_start/end: [579][599]
 screen_y_start/end: [347][383]
gun hit = [0]
last key pressed : [0]
0 0 0 0 0 0 0 0 0 
0 0 0 0 0 0 0 0 0 
0 0 0 0 0 0 0 0 [32m6 [0m
0 0 0 0 0 0 [32m3 [0m[33m4 [0m[33m5 [0m
0 0 0 0 [34m0 [0m[33m1 [0m[33m2 [0m0 0 
0 0 0 0 0 0 0 0 0 
0 0 0 0 0 0 0 0 0 
0 0 0 0 0 0 0 0 0 
0 0 0 0 0 0 0 0 0 

pos_x/pos_y: (4.500000:10.500000)
dir_x/dir_y: (0.901455:-0.432873)
plane_x/plane_y: (0.389585:0.811310)
pente y/x : (-0.480193)
delta_dist_x/delta_dist_y: (1.109318:2.310148)


world pos_x/pos_y : [18.500000/2.500000]
cam pos_x/pos_y : [14.000000/-8.000000]
norm/dir_proj/plane_proj : [16.124516/16.083351/-1.151425]
screen_x/screen_height/screen_width/to_show : [589/37/21/1]
 screen_x_start/end: [579][599]
 screen_y_start/end: [347][383]
gun hit = [0]
last key pressed : [0]
0 0 0 0 0 0 0 0 0 
0 0 0 0 0 0 0 0 0 
0 0 0 0 0 0 0 0 [32m6 [0m
0 0 0 0 0 0 [32m3 [0m[33m4 [0m[33m5 [0m
0 0 0 0 [34m0 [0m[33m1 [0m[33m2 [0m0 0 
0 0 0 0 0 0 0 0 0 
0 0 0 0 0 0 0 0 0 
0 0 0 0 0 0 0 0 0 
0 0 0 0 0 0 0 0 0 

pos_x/pos_y: (4.500000:10.500000)
dir_x/dir_y: (0.901455:-0.432873)
plane_x/plane_y: (0.389585:0.811310)
pente y/x : (-0.480193)
delta_dist_x/delta_dist_y: (1.109318:2.310148)


world pos_x/pos_y : [18.500000/2.500000]
cam pos_x/pos_y : [14.000000/-8.000000]
norm/dir_proj/plane_proj : [16.124516/16.083351/-1.151425]
screen_x/screen_height/screen_width/to_show : [589/37/21/1]
 screen_x_start/end: [579][599]
 screen_y_start/end: [347][383]
gun hit = [0]
last key pressed : [0]
0 0 0 0 0 0 0 0 0 
0 0 0 0 0 0 0 0 0 
0 0 0 0 0 0 0 0 [32m6 [0m
0 0 0 0 0 0 [32m3 [0m[33m4 [0m[33m5 [0m
0 0 0 0 [34m0 [0m[33m1 [0m[33m2 [0m0 0 
0 0 0 0 0 0 0 0 0 
0 0 0 0 0 0 0 0 0 
0 0 0 0 0 0 0 0 0 
0 0 0 0 0 0 0 0 0 

pos_x/pos_y: (4.500000:10.500000)
dir_x/dir_y: (0.901455:-0.432873)
plane_x/plane_y: (0.389585:0.811310)
pente y/x : (-0.480193)
delta_dist_x/delta_dist_y: (1.109318:2.310148)


world pos_x/pos_y : [18.500000/2.500000]
cam pos_x/pos_y : [14.000000/-8.000000]
norm/dir_proj/plane_proj : [16.124516/16.083351/-1.151425]
screen_x/screen_height/screen_width/to_show : [589/37/21/1]
 screen_x_start/end: [579][599]
 screen_y_start/end: [347][383]
gun hit = [0]
last key pressed : [0]
0 0 0 0 0 0 0 0 0 
0 0 0 0 0 0 0 0 0 
0 0 0 0 0 0 0 0 [32m6 [0m
0 0 0 0 0 0 [32m3 [0m[33m4 [0m[33m5 [0m
0 0 0 0 [34m0 [0m[33m1 [0m[33m2 [0m0 0 
0 0 0 0 0 0 0 0 0 
0 0 0 0 0 0 0 0 0 
0 0 0 0 0 0 0 0 0 
0 0 0 0 0 0 0 0 0 

pos_x/pos_y: (4.500000:10.500000)
dir_x/dir_y: (0.926857:-0.375416)
plane_x/plane_y: (0.337874:0.834171)
pente y/x : (-0.405042)
delta_dist_x/delta_dist_y: (1.078916:2.663715)


world pos_x/pos_y : [18.500000/2.500000]
cam pos_x/pos_y : [14.000000/-8.000000]
norm/dir_proj/plane_proj : [16.124516/15.979317/-2.159035]
screen_x/screen_height/screen_width/to_show : [543/37/21/1]
 screen_x_start/end: [533][553]
 screen_y_start/end: [347][383]
gun hit = [0]
last key pressed : [0]
0 0 0 0 0 0 0 0 0 
0 0 0 0 0 0 0 0 0 
0 0 0 0 0 0 0 0 0 
0 0 0 0 0 0 0 [32m4 [0m[33m5 [0m
0 0 0 0 [34m0 [0m[33m1 [0m[33m2 [0m[33m3 [0m0 
0 0 0 0 0 0 0 0 0 
0 0 0 0 0 0 0 0 0 
0 0 0 0 0 0 0 0 0 
0 0 0 0 0 0 0 0 0 

pos_x/pos_y: (4.500000:10.500000)
dir_x/dir_y: (0.952263:-0.305280)
plane_x/plane_y: (0.274752:0.857036)
pente y/x : (-0.320584)
delta_dist_x/delta_dist_y: (1.050130:3.275683)


world pos_x/pos_y : [18.500000/2.500000]
cam pos_x/pos_y : [14.000000/-8.000000]
norm/dir_proj/plane_proj : [16.124516/15.773916/-3.344184]
screen_x/screen_height/screen_width/to_show : [489/37/21/1]
 screen_x_start/end: [479][499]
 screen_y_start/end: [347][383]
gun hit = [0]
last key pressed : [0]
0 0 0 0 0 0 0 0 0 
0 0 0 0 0 0 0 0 0 
0 0 0 0 0 0 0 0 0 
0 0 0 0 0 0 0 [32m4 [0m[33m5 [0m
0 0 0 0 [34m0 [0m[33m1 [0m[33m2 [0m[33m3 [0m0 
0 0 0 0 0 0 0 0 0 
0 0 0 0 0 0 0 0 0 
0 0 0 0 0 0 0 0 0 
0 0 0 0 0 0 0 0 0 

pos_x/pos_y: (4.500000:10.500000)
dir_x/dir_y: (0.959191:-0.282760)
plane_x/plane_y: (0.254484:0.863272)
pente y/x : (-0.294790)
delta_dist_x/delta_dist_y: (1.042546:3.536568)


world pos_x/pos_y : [18.500000/2.500000]
cam pos_x/pos_y : [14.000000/-8.000000]
norm/dir_proj/plane_proj : [16.124516/15.690750/-3.714885]
screen_x/screen_height/screen_width/to_show : [471/37/21/1]
 screen_x_start/end: [461][481]
 screen_y_start/end: [347][383]
gun hit = [0]
last key pressed : [0]
0 0 0 0 0 0 0 0 0 
0 0 0 0 0 0 0 0 0 
0 0 0 0 0 0 0 0 0 
0 0 0 0 0 0 0 [32m4 [0m[33m5 [0m
0 0 0 0 [34m0 [0m[33m1 [0m[33m2 [0m[33m3 [0m0 
0 0 0 0 0 0 0 0 0 
0 0 0 0 0 0 0 0 0 
0 0 0 0 0 0 0 0 0 
0 0 0 0 0 0 0 0 0 

pos_x/pos_y: (4.500000:10.500000)
dir_x/dir_y: (0.959191:-0.282760)
plane_x/plane_y: (0.254484:0.863272)
pente y/x : (-0.294790)
delta_dist_x/delta_dist_y: (1.042546:3.536568)


world pos_x/pos_y : [18.500000/2.500000]
cam pos_x/pos_y : [14.000000/-8.000000]
norm/dir_proj/plane_proj : [16.124516/15.690750/-3.714885]
screen_x/screen_height/screen_width/to_show : [471/37/21/1]
 screen_x_start/end: [461][481]
 screen_y_start/end: [347][383]
gun hit = [0]
last key pressed : [0]
0 0 0 0 0 0 0 0 0 
0 0 0 0 0 0 0 0 0 
0 0 0 0 0 0 0 0 0 
0 0 0 0 0 0 0 [32m4 [0m[33m5 [0m
0 0 0 0 [34m0 [0m[33m1 [0m[33m2 [0m[33m3 [0m0 
0 0 0 0 0 0 0 0 0 [2J[1;1H[2J[1;1H[2J[1;1H[2J[1;1H[2J[1;1H[2J[1;1H[2J[1;1H[2J[1;1H[2J[1;1H[2J[1;1H[2J[1;1H
0 0 0 0 0 0 0 0 0 
0 0 0 0 0 0 0 0 0 
0 0 0 0 0 0 0 0 0 

pos_x/pos_y: (4.500000:10.500000)
dir_x/dir_y: (0.959191:-0.282760)
plane_x/plane_y: (0.254484:0.863272)
pente y/x : (-0.294790)
delta_dist_x/delta_dist_y: (1.042546:3.536568)


world pos_x/pos_y : [18.500000/2.500000]
cam pos_x/pos_y : [14.000000/-8.000000]
norm/dir_proj/plane_proj : [16.124516/15.690750/-3.714885]
screen_x/screen_height/screen_width/to_show : [471/37/21/1]
 screen_x_start/end: [461][481]
 screen_y_start/end: [347][383]
gun hit = [0]
last key pressed : [0]
0 0 0 0 0 0 0 0 0 
0 0 0 0 0 0 0 0 0 
0 0 0 0 0 0 0 0 0 
0 0 0 0 0 0 0 [32m4 [0m[33m5 [0m
0 0 0 0 [34m0 [0m[33m1 [0m[33m2 [0m[33m3 [0m0 
0 0 0 0 0 0 0 0 0 
0 0 0 0 0 0 0 0 0 
0 0 0 0 0 0 0 0 0 
0 0 0 0 0 0 0 0 0 

pos_x/pos_y: (4.500000:10.500000)
dir_x/dir_y: (0.959191:-0.282760)
plane_x/plane_y: (0.254484:0.863272)
pente y/x : (-0.294790)
delta_dist_x/delta_dist_y: (1.042546:3.536568)


world pos_x/pos_y : [18.500000/2.500000]
cam pos_x/pos_y : [14.000000/-8.000000]
norm/dir_proj/plane_proj : [16.124516/15.690750/-3.714885]
screen_x/screen_height/screen_width/to_show : [471/37/21/1]
 screen_x_start/end: [461][481]
 screen_y_start/end: [347][383]
gun hit = [0]
last key pressed : [0]
0 0 0 0 0 0 0 0 0 
0 0 0 0 0 0 0 0 0 
0 0 0 0 0 0 0 0 0 
0 0 0 0 0 0 0 [32m4 [0m[33m5 [0m
0 0 0 0 [34m0 [0m[33m1 [0m[33m2 [0m[33m3 [0m0 
0 0 0 0 0 0 0 0 0 
0 0 0 0 0 0 0 0 0 
0 0 0 0 0 0 0 0 0 
0 0 0 0 0 0 0 0 0 

pos_x/pos_y: (4.500000:10.500000)
dir_x/dir_y: (0.959191:-0.282760)
plane_x/plane_y: (0.254484:0.863272)
pente y/x : (-0.294790)
delta_dist_x/delta_dist_y: (1.042546:3.536568)


world pos_x/pos_y : [18.500000/2.500000]
cam pos_x/pos_y : [14.000000/-8.000000]
norm/dir_proj/plane_proj : [16.124516/15.690750/-3.714885]
screen_x/screen_height/screen_width/to_show : [471/37/21/1]
 screen_x_start/end: [461][481]
 screen_y_start/end: [347][383]
gun hit = [0]
last key pressed : [0]
0 0 0 0 0 0 0 0 0 
0 0 0 0 0 0 0 0 0 
0 0 0 0 0 0 0 0 0 
0 0 0 0 0 0 0 [32m4 [0m[33m5 [0m
0 0 0 0 [34m0 [0m[33m1 [0m[33m2 [0m[33m3 [0m0 
0 0 0 0 0 0 0 0 0 
0 0 0 0 0 0 0 0 0 
0 0 0 0 0 0 0 0 0 
0 0 0 0 0 0 0 0 0 

pos_x/pos_y: (4.500000:10.500000)
dir_x/dir_y: (0.959191:-0.282760)
plane_x/plane_y: (0.254484:0.863272)
pente y/x : (-0.294790)
delta_dist_x/delta_dist_y: (1.042546:3.536568)


world pos_x/pos_y : [18.500000/2.500000]
cam pos_x/pos_y : [14.000000/-8.000000]
norm/dir_proj/plane_proj : [16.124516/15.690750/-3.714885]
screen_x/screen_height/screen_width/to_show : [471/37/21/1]
 screen_x_start/end: [461][481]
 screen_y_start/end: [347][383]
gun hit = [0]
last key pressed : [0]
0 0 0 0 0 0 0 0 0 
0 0 0 0 0 0 0 0 0 
0 0 0 0 0 0 0 0 0 
0 0 0 0 0 0 0 [32m4 [0m[33m5 [0m
0 0 0 0 [34m0 [0m[33m1 [0m[33m2 [0m[33m3 [0m0 
0 0 0 0 0 0 0 0 0 
0 0 0 0 0 0 0 0 0 
0 0 0 0 0 0 0 0 0 
0 0 0 0 0 0 0 0 0 

pos_x/pos_y: (4.500000:10.500000)
dir_x/dir_y: (0.959191:-0.282760)
plane_x/plane_y: (0.254484:0.863272)
pente y/x : (-0.294790)
delta_dist_x/delta_dist_y: (1.042546:3.536568)


world pos_x/pos_y : [18.500000/2.500000]
cam pos_x/pos_y : [14.000000/-8.000000]
norm/dir_proj/plane_proj : [16.124516/15.690750/-3.714885]
screen_x/screen_height/screen_width/to_show : [471/37/21/1]
 screen_x_start/end: [461][481]
 screen_y_start/end: [347][383]
gun hit = [0]
last key pressed : [0]
0 0 0 0 0 0 0 0 0 
0 0 0 0 0 0 0 0 0 
0 0 0 0 0 0 0 0 0 
0 0 0 0 0 0 0 [32m4 [0m[33m5 [0m
0 0 0 0 [34m0 [0m[33m1 [0m[33m2 [0m[33m3 [0m0 
0 0 0 0 0 0 0 0 0 
0 0 0 0 0 0 0 0 0 
0 0 0 0 0 0 0 0 0 
0 0 0 0 0 0 0 0 0 

pos_x/pos_y: (4.500000:10.500000)
dir_x/dir_y: (0.959191:-0.282760)
plane_x/plane_y: (0.254484:0.863272)
pente y/x : (-0.294790)
delta_dist_x/delta_dist_y: (1.042546:3.536568)


world pos_x/pos_y : [18.500000/2.500000]
cam pos_x/pos_y : [14.000000/-8.000000]
norm/dir_proj/plane_proj : [16.124516/15.690750/-3.714885]
screen_x/screen_height/screen_width/to_show : [471/37/21/1]
 screen_x_start/end: [461][481]
 screen_y_start/end: [347][383]
gun hit = [0]
last key pressed : [0]
0 0 0 0 0 0 0 0 0 
0 0 0 0 0 0 0 0 0 
0 0 0 0 0 0 0 0 0 
0 0 0 0 0 0 0 [32m4 [0m[33m5 [0m
0 0 0 0 [34m0 [0m[33m1 [0m[33m2 [0m[33m3 [0m0 
0 0 0 0 0 0 0 0 0 
0 0 0 0 0 0 0 0 0 
0 0 0 0 0 0 0 0 0 
0 0 0 0 0 0 0 0 0 

pos_x/pos_y: (4.500000:10.500000)
dir_x/dir_y: (0.958073:-0.286525)
plane_x/plane_y: (0.257872:0.862266)
pente y/x : (-0.299063)
delta_dist_x/delta_dist_y: (1.043762:3.490102)


world pos_x/pos_y : [18.500000/2.500000]
cam pos_x/pos_y : [14.000000/-8.000000]
norm/dir_proj/plane_proj : [16.124516/15.705217/-3.653239]
screen_x/screen_height/screen_width/to_show : [474/37/21/1]
 screen_x_start/end: [464][484]
 screen_y_start/end: [347][383]
gun hit = [0]
last key pressed : [0]
0 0 0 0 0 0 0 0 0 
0 0 0 0 0 0 0 0 0 
0 0 0 0 0 0 0 0 0 
0 0 0 0 0 0 0 [32m4 [0m[33m5 [0m
0 0 0 0 [34m0 [0m[33m1 [0m[33m2 [0m[33m3 [0m0 
0 0 0 0 0 0 0 0 0 
0 0 0 0 0 0 0 0 0 
0 0 0 0 0 0 0 0 0 
0 0 0 0 0 0 0 0 0 

pos_x/pos_y: (4.500000:10.500000)
dir_x/dir_y: (0.958073:-0.286525)
plane_x/plane_y: (0.257872:0.862266)
pente y/x : (-0.299063)
delta_dist_x/delta_dist_y: (1.043762:3.490102)


world pos_x/pos_y : [18.500000/2.500000]
cam pos_x/pos_y : [14.000000/-8.000000]
norm/dir_proj/plane_proj : [16.124516/15.705217/-3.653239]
screen_x/screen_height/screen_width/to_show : [474/37/21/1]
 screen_x_start/end: [464][484]
 screen_y_start/end: [347][383]
gun hit = [0]
last key pressed : [0]
0 0 0 0 0 0 0 0 0 
0 0 0 0 0 0 0 0 0 
0 0 0 0 0 0 0 0 0 
0 0 0 0 0 0 [32m3 [0m[33m4 [0m[33m5 [0m
0 0 0 0 [34m0 [0m[33m1 [0m[33m2 [0m0 0 
0 0 0 0 0 0 0 0 0 
0 0 0 0 0 0 0 0 0 
0 0 0 0 0 0 0 0 0 
0 0 0 0 0 0 0 0 0 

pos_x/pos_y: (4.500000:10.500000)
dir_x/dir_y: (0.934748:-0.355311)
plane_x/plane_y: (0.319780:0.841273)
pente y/x : (-0.380114)
delta_dist_x/delta_dist_y: (1.069807:2.814437)


world pos_x/pos_y : [18.500000/2.500000]
cam pos_x/pos_y : [14.000000/-8.000000]
norm/dir_proj/plane_proj : [16.124516/15.928962/-2.503633]
screen_x/screen_height/screen_width/to_show : [528/37/21/1]
 screen_x_start/end: [518][538]
 screen_y_start/end: [347][383]
gun hit = [0]
last key pressed : [0]
0 0 0 0 0 0 0 0 0 
0 0 0 0 0 0 0 0 0 
0 0 0 0 0 0 0 0 0 
0 0 0 0 0 0 [32m3 [0m[33m4 [0m[33m5 [0m
0 0 0 0 [34m0 [0m[33m1 [0m[33m2 [0m0 0 
0 0 0 0 0 0 0 0 0 
0 0 0 0 0 0 0 0 0 
0 0 0 0 0 0 0 0 0 
0 0 0 0 0 0 0 0 0 

pos_x/pos_y: (4.500000:10.500000)
dir_x/dir_y: (0.934748:-0.355311)
plane_x/plane_y: (0.319780:0.841273)
pente y/x : (-0.380114)
delta_dist_x/delta_dist_y: (1.069807:2.814437)


world pos_x/pos_y : [18.500000/2.500000]
cam pos_x/pos_y : [14.000000/-8.000000]
norm/dir_proj/plane_proj : [16.124516/15.928962/-2.503633]
screen_x/screen_height/screen_width/to_show : [528/37/21/1]
 screen_x_start/end: [518][538]
 screen_y_start/end: [347][383]
gun hit = [0]
last key pressed : [0]
0 0 0 0 0 0 0 0 0 
0 0 0 0 0 0 0 0 0 
0 0 0 0 0 0 0 0 0 
0 0 0 0 0 0 [32m3 [0m[33m4 [0m[33m5 [0m
0 0 0 0 [34m0 [0m[33m1 [0m[33m2 [0m0 0 
0 0 0 0 0 0 0 0 0 
0 0 0 0 0 0 0 0 0 
0 0 0 0 0 0 0 0 0 
0 0 0 0 0 0 0 0 0 

pos_x/pos_y: (4.500000:10.500000)
dir_x/dir_y: (0.934748:-0.355311)
plane_x/plane_y: (0.319780:0.841273)
pente y/x : (-0.380114)
delta_dist_x/delta_dist_y: (1.069807:2.814437)


world pos_x/pos_y : [18.500000/2.500000]
cam pos_x/pos_y : [14.000000/-8.000000]
norm/dir_proj/plane_proj : [16.124516/15.928962/-2.503633]
screen_x/screen_height/screen_width/to_show : [528/37/21/1]
 screen_x_start/end: [518][538]
 screen_y_start/end: [347][383]
gun hit = [0]
last key pressed : [0]
0 0 0 0 0 0 0 0 0 
0 0 0 0 0 0 0 0 0 
0 0 0 0 0 0 0 0 0 
0 0 0 0 0 0 [32m3 [0m[33m4 [0m[33m5 [0m
0 0 0 0 [34m0 [0m[33m1 [0m[33m2 [0m0 0 
0 0 0 0 0 0 0 0 0 
0 0 0 0 0 0 0 0 0 
0 0 0 0 0 0 0 0 0 
0 0 0 0 0 0 0 0 0 

pos_x/pos_y: (4.500000:10.500000)
dir_x/dir_y: (0.934748:-0.355311)
plane_x/plane_y: (0.319780:0.841273)
pente y/x : (-0.380114)
delta_dist_x/delta_dist_y: (1.069807:2.814437)


world pos_x/pos_y : [18.500000/2.500000]
cam pos_x/pos_y : [14.000000/-8.000000]
norm/dir_proj/plane_proj : [16.124516/15.928962/-2.503633]
screen_x/screen_height/screen_width/to_show : [528/37/21/1]
[2J[1;1H[2J[1;1H[2J[1;1H[2J[1;1H[2J[1;1H[2J[1;1H[2J[1;1H[2J[1;1H[2J[1;1H[2J[1;1H screen_x_start/end: [518][538]
 screen_y_start/end: [347][383]
gun hit = [0]
last key pressed : [0]
move_dir_x:[0.934748]
move_dir_y:[-0.355311]
next_pos_x/y: [4.733687][10.411172]
floor next_pos_x/y: [5][10]
0 0 0 0 0 0 0 0 0 
0 0 0 0 0 0 0 0 0 
0 0 0 0 0 0 0 0 0 
0 0 0 0 0 0 [32m3 [0m[33m4 [0m[33m5 [0m
0 0 0 0 [34m0 [0m[33m1 [0m[33m2 [0m0 0 
0 0 0 0 0 0 0 0 0 
0 0 0 0 0 0 0 0 0 
0 0 0 0 0 0 0 0 0 
0 0 0 0 0 0 0 0 0 

pos_x/pos_y: (4.733687:10.411172)
dir_x/dir_y: (0.934748:-0.355311)
plane_x/plane_y: (0.319780:0.841273)
pente y/x : (-0.380114)
delta_dist_x/delta_dist_y: (1.069807:2.814437)


world pos_x/pos_y : [18.500000/2.500000]
cam pos_x/pos_y : [14.000000/-8.000000]
norm/dir_proj/plane_proj : [16.124516/15.928962/-2.503633]
screen_x/screen_height/screen_width/to_show : [528/37/21/1]
 screen_x_start/end: [518][538]
 screen_y_start/end: [347][383]
gun hit = [0]
last key pressed : [119]
move_dir_x:[0.934748]
move_dir_y:[-0.355311]
next_pos_x/y: [4.967374][10.322344]
floor next_pos_x/y: [5][10]
0 0 0 0 0 0 0 0 0 
0 0 0 0 0 0 0 0 0 
0 0 0 0 0 0 0 0 0 
0 0 0 0 0 0 [32m3 [0m[33m4 [0m[33m5 [0m
0 0 0 0 [34m0 [0m[33m1 [0m[33m2 [0m0 0 
0 0 0 0 0 0 0 0 0 
0 0 0 0 0 0 0 0 0 
0 0 0 0 0 0 0 0 0 
0 0 0 0 0 0 0 0 0 

pos_x/pos_y: (4.967374:10.322344)
dir_x/dir_y: (0.934748:-0.355311)
plane_x/plane_y: (0.319780:0.841273)
pente y/x : (-0.380114)
delta_dist_x/delta_dist_y: (1.069807:2.814437)


world pos_x/pos_y : [18.500000/2.500000]
cam pos_x/pos_y : [13.766314/-7.911172]
norm/dir_proj/plane_proj : [15.877595/15.678963/-2.503633]
screen_x/screen_height/screen_width/to_show : [526/37/21/1]
 screen_x_start/end: [516][536]
 screen_y_start/end: [347][383]
gun hit = [0]
last key pressed : [119]
move_dir_x:[0.936825]
move_dir_y:[-0.349799]
next_pos_x/y: [5.201580][10.234894]
floor next_pos_x/y: [5][10]
0 0 0 0 0 0 0 0 0 
0 0 0 0 0 0 0 0 0 
0 0 0 0 0 0 0 0 0 
0 0 0 0 0 0 [32m3 [0m[33m4 [0m[33m5 [0m
0 0 0 0 [34m0 [0m[33m1 [0m[33m2 [0m0 0 
0 0 0 0 0 0 0 0 0 
0 0 0 0 0 0 0 0 0 
0 0 0 0 0 0 0 0 0 
0 0 0 0 0 0 0 0 0 

pos_x/pos_y: (5.201580:10.234894)
dir_x/dir_y: (0.936825:-0.349799)
plane_x/plane_y: (0.314819:0.843142)
pente y/x : (-0.373387)
delta_dist_x/delta_dist_y: (1.067435:2.858788)


world pos_x/pos_y : [18.500000/2.500000]
cam pos_x/pos_y : [13.532626/-7.822344]
norm/dir_proj/plane_proj : [15.630772/15.413947/-2.594472]
screen_x/screen_height/screen_width/to_show : [520/38/22/1]
 screen_x_start/end: [509][531]
 screen_y_start/end: [346][384]
gun hit = [0]
last key pressed : [119]
move_dir_x:[0.936825]
move_dir_y:[-0.349799]
next_pos_x/y: [5.435786][10.147444]
floor next_pos_x/y: [5][10]
0 0 0 0 0 0 0 0 0 
0 0 0 0 0 0 0 0 0 
0 0 0 0 0 0 0 0 0 
0 0 0 0 0 0 [32m3 [0m[33m4 [0m[33m5 [0m
0 0 0 0 [34m0 [0m[33m1 [0m[33m2 [0m0 0 
0 0 0 0 0 0 0 0 0 
0 0 0 0 0 0 0 0 0 
0 0 0 0 0 0 0 0 0 
0 0 0 0 0 0 0 0 0 

pos_x/pos_y: (5.435786:10.147444)
dir_x/dir_y: (0.936825:-0.349799)
plane_x/plane_y: (0.314819:0.843142)
pente y/x : (-0.373387)
delta_dist_x/delta_dist_y: (1.067435:2.858788)


world pos_x/pos_y : [18.500000/2.500000]
cam pos_x/pos_y : [13.298420/-7.734894]
norm/dir_proj/plane_proj : [15.384295/15.163946/-2.594472]
screen_x/screen_height/screen_width/to_show : [518/39/22/1]
 screen_x_start/end: [507][529]
 screen_y_start/end: [346][384]
gun hit = [0]
last key pressed : [119]
move_dir_x:[0.939543]
move_dir_y:[-0.342430]
next_pos_x/y: [5.670672][10.061836]
floor next_pos_x/y: [6][10]
0 0 0 0 0 0 0 0 0 
0 0 0 0 0 0 0 0 0 
0 0 0 0 0 0 0 0 0 
0 0 0 0 0 0 [32m3 [0m[33m4 [0m[33m5 [0m
0 0 0 0 [34m0 [0m[33m1 [0m[33m2 [0m0 0 
0 0 0 0 0 0 0 0 0 
0 0 0 0 0 0 0 0 0 
0 0 0 0 0 0 0 0 0 
0 0 0 0 0 0 0 0 0 

pos_x/pos_y: (5.670672:10.061836)
dir_x/dir_y: (0.939543:-0.342430)
plane_x/plane_y: (0.308187:0.845589)
pente y/x : (-0.364464)
delta_dist_x/delta_dist_y: (1.064347:2.920304)


world pos_x/pos_y : [18.500000/2.500000]
cam pos_x/pos_y : [13.064214/-7.647444]
norm/dir_proj/plane_proj : [15.137935/14.893109/-2.711524]
screen_x/screen_height/screen_width/to_show : [510/39/22/1]
 screen_x_start/end: [499][521]
 screen_y_start/end: [347][385]
gun hit = [0]
last key pressed : [119]
move_dir_x:[0.939543]
move_dir_y:[-0.342430]
next_pos_x/y: [5.905558][9.976229]
floor next_pos_x/y: [6][10]
0 0 0 0 0 0 0 0 0 
0 0 0 0 0 0 0 0 0 
0 0 0 0 0 0 0 0 0 
0 0 0 0 0 0 [32m3 [0m[33m4 [0m[33m5 [0m
0 0 0 0 [34m0 [0m[33m1 [0m[33m2 [0m0 0 
0 0 0 0 0 0 0 0 0 
0 0 0 0 0 0 0 0 0 
0 0 0 0 0 0 0 0 0 
0 0 0 0 0 0 0 0 0 

pos_x/pos_y: (5.905558:9.976229)
dir_x/dir_y: (0.939543:-0.342430)
plane_x/plane_y: (0.308187:0.845589)
pente y/x : (-0.364464)
delta_dist_x/delta_dist_y: (1.064347:2.920304)


world pos_x/pos_y : [18.500000/2.500000]
cam pos_x/pos_y : [12.829329/-7.561836]
norm/dir_proj/plane_proj : [14.892046/14.643110/-2.711524]
screen_x/screen_height/screen_width/to_show : [508/40/23/1]
 screen_x_start/end: [497][519]
 screen_y_start/end: [346][386]
gun hit = [0]
last key pressed : [119]
move_dir_x:[0.940881]
move_dir_y:[-0.338738]
next_pos_x/y: [6.140778][9.891544]
floor next_pos_x/y: [6][10]
0 0 0 0 0 0 0 0 0 
0 0 0 0 0 0 0 0 0 
0 0 0 0 0 0 0 0 0 
0 0 0 0 0 0 [32m3 [0m[33m4 [0m[33m5 [0m
0 0 0 0 [34m0 [0m[33m1 [0m[33m2 [0m0 0 
0 0 0 0 0 0 0 0 0 
0 0 0 0 0 0 0 0 0 
0 0 0 0 0 0 0 0 0 
0 0 0 0 0 0 0 0 0 

pos_x/pos_y: (6.140778:9.891544)
dir_x/dir_y: (0.940881:-0.338738)
plane_x/plane_y: (0.304864:0.846793)
pente y/x : (-0.360022)
delta_dist_x/delta_dist_y: (1.062834:2.952135)


world pos_x/pos_y : [18.500000/2.500000]
cam pos_x/pos_y : [12.594442/-7.476229]
norm/dir_proj/plane_proj : [14.646296/14.382352/-2.768024]
screen_x/screen_height/screen_width/to_show : [503/40/23/1]
 screen_x_start/end: [492][514]
 screen_y_start/end: [346][386]
gun hit = [0]
last key pressed : [119]
move_dir_x:[0.940881]
move_dir_y:[-0.338738]
next_pos_x/y: [6.375998][9.806860]
floor next_pos_x/y: [6][10]
0 0 0 0 0 0 0 0 0 
0 0 0 0 0 0 0 0 0 
0 0 0 0 0 0 0 0 0 
0 0 0 0 0 0 [32m3 [0m[33m4 [0m[33m5 [0m
0 0 0 0 [34m0 [0m[33m1 [0m[33m2 [0m0 0 
0 0 0 0 0 0 0 0 0 
0 0 0 0 0 0 0 0 0 
0 0 0 0 0 0 0 0 0 
0 0 0 0 0 0 0 0 0 

pos_x/pos_y: (6.375998:9.806860)
dir_x/dir_y: (0.940881:-0.338738)
plane_x/plane_y: (0.304864:0.846793)
pente y/x : (-0.360022)
delta_dist_x/delta_dist_y: (1.062834:2.952135)


world pos_x/pos_y : [18.500000/2.500000]
cam pos_x/pos_y : [12.359222/-7.391544]
norm/dir_proj/plane_proj : [14.400879/14.132352/-2.768024]
screen_x/screen_height/screen_width/to_show : [500/41/23/1]
 screen_x_start/end: [489][511]
 screen_y_start/end: [346][386]
gun hit = [0]
last key pressed : [119]
move_dir_x:[0.943512]
move_dir_y:[-0.331338]
next_pos_x/y: [6.611876][9.724026]
floor next_pos_x/y: [7][10]
0 0 0 0 0 0 0 0 0 
0 0 0 0 0 0 0 0 0 
0 0 0 0 0 0 0 0 0 
0 0 0 0 0 0 [32m3 [0m[33m4 [0m[33m5 [0m
0 0 0 0 [34m0 [0m[33m1 [0m[33m2 [0m0 0 
0 0 0 0 0 0 0 0 0 
0 0 0 0 0 0 0 0 0 
0 0 0 0 0 0 0 0 0 
0 0 0 0 0 0 0 0 0 

pos_x/pos_y: (6.611876:9.724026)
dir_x/dir_y: (0.943512:-0.331338)
plane_x/plane_y: (0.298204:0.849161)
pente y/x : (-0.351175)
delta_dist_x/delta_dist_y: (1.059870:3.018067)


world pos_x/pos_y : [18.500000/2.500000]
cam pos_x/pos_y : [12.124002/-7.306860]
norm/dir_proj/plane_proj : [14.155622/13.860183/-2.876970]
screen_x/screen_height/screen_width/to_show : [492/42/24/1]
 screen_x_start/end: [480][504]
 screen_y_start/end: [345][387]
gun hit = [0]
last key pressed : [119]
move_dir_x:[0.943512]
move_dir_y:[-0.331338]
next_pos_x/y: [6.847754][9.641191]
floor next_pos_x/y: [7][10]
0 0 0 0 0 0 0 0 0 
0 0 0 0 0 0 0 0 0 
0 0 0 0 0 0 0 0 0 
0 0 0 0 0 0 [32m3 [0m[33m4 [0m[33m5 [0m
0 0 0 0 [34m0 [0m[33m1 [0m[33m2 [0m0 0 
0 0 0 0 0 0 0 0 0 
0 0 0 0 0 0 0 0 0 
0 0 0 0 0 0 0 0 0 
0 0 0 0 0 0 0 0 0 

pos_x/pos_y: (6.847754:9.641191)
dir_x/dir_y: (0.943512:-0.331338)
plane_x/plane_y: (0.298204:0.849161)
pente y/x : (-0.351175)
delta_dist_x/delta_dist_y: (1.059870:3.018067)


world pos_x/pos_y : [18.500000/2.500000]
cam pos_x/pos_y : [11.888124/-7.224026]
norm/dir_proj/plane_proj : [13.910932/13.610182/-2.876970]
screen_x/screen_height/screen_width/to_show : [489/43/24/1]
 screen_x_start/end: [477][501]
 screen_y_st[2J[1;1H[2J[1;1H[2J[1;1H[2J[1;1H[2J[1;1H[2J[1;1H[2J[1;1H[2J[1;1H[2J[1;1H[2J[1;1Hart/end: [345][387]
gun hit = [0]
last key pressed : [119]
move_dir_x:[0.954044]
move_dir_y:[-0.299665]
next_pos_x/y: [7.086266][9.566276]
floor next_pos_x/y: [7][10]
0 0 0 0 0 0 0 0 0 
0 0 0 0 0 0 0 0 0 
0 0 0 0 0 0 0 0 0 
0 0 0 0 0 0 0 [32m4 [0m[33m5 [0m
0 0 0 0 [34m0 [0m[33m1 [0m[33m2 [0m[33m3 [0m0 
0 0 0 0 0 0 0 0 0 
0 0 0 0 0 0 0 0 0 
0 0 0 0 0 0 0 0 0 
0 0 0 0 0 0 0 0 0 

pos_x/pos_y: (7.086266:9.566276)
dir_x/dir_y: (0.954044:-0.299665)
plane_x/plane_y: (0.269699:0.858640)
pente y/x : (-0.314100)
delta_dist_x/delta_dist_y: (1.048169:3.337057)


world pos_x/pos_y : [18.500000/2.500000]
cam pos_x/pos_y : [11.652246/-7.141191]
norm/dir_proj/plane_proj : [13.666435/13.256727/-3.321240]
screen_x/screen_height/screen_width/to_show : [461/43/24/1]
 screen_x_start/end: [449][473]
 screen_y_start/end: [345][387]
gun hit = [0]
last key pressed : [119]
move_dir_x:[0.954044]
move_dir_y:[-0.299665]
next_pos_x/y: [7.324777][9.491360]
floor next_pos_x/y: [7][9]
0 0 0 0 0 0 0 0 0 
0 0 0 0 0 0 0 0 0 
0 0 0 0 0 0 0 0 0 
0 0 0 0 0 0 0 [32m4 [0m[33m5 [0m
0 0 0 0 [34m0 [0m[33m1 [0m[33m2 [0m[33m3 [0m0 
0 0 0 0 0 0 0 0 0 
0 0 0 0 0 0 0 0 0 
0 0 0 0 0 0 0 0 0 
0 0 0 0 0 0 0 0 0 

pos_x/pos_y: (7.324777:9.491360)
dir_x/dir_y: (0.954044:-0.299665)
plane_x/plane_y: (0.269699:0.858640)
pente y/x : (-0.314100)
delta_dist_x/delta_dist_y: (1.048169:3.337057)


world pos_x/pos_y : [18.500000/2.500000]
cam pos_x/pos_y : [11.413734/-7.066276]
norm/dir_proj/plane_proj : [13.424067/13.006727/-3.321240]
screen_x/screen_height/screen_width/to_show : [458/44/25/1]
 screen_x_start/end: [446][470]
 screen_y_start/end: [344][388]
gun hit = [0]
last key pressed : [119]
move_dir_x:[0.958073]
move_dir_y:[-0.286525]
next_pos_x/y: [7.564295][9.419728]
floor next_pos_x/y: [8][9]
0 0 0 0 0 0 0 0 0 
0 0 0 0 0 0 0 0 0 
0 0 0 0 0 0 0 0 0 
0 0 0 0 0 0 0 [32m4 [0m[33m5 [0m
0 0 0 0 [34m0 [0m[33m1 [0m[33m2 [0m[33m3 [0m0 
0 0 0 0 0 0 0 0 0 
0 0 0 0 0 0 0 0 0 
0 0 0 0 0 0 0 0 0 
0 0 0 0 0 0 0 0 0 

pos_x/pos_y: (7.564295:9.419728)
dir_x/dir_y: (0.958073:-0.286525)
plane_x/plane_y: (0.257872:0.862265)
pente y/x : (-0.299063)
delta_dist_x/delta_dist_y: (1.043762:3.490102)


world pos_x/pos_y : [18.500000/2.500000]
cam pos_x/pos_y : [11.175223/-6.991360]
norm/dir_proj/plane_proj : [13.181985/12.709875/-3.496256]
screen_x/screen_height/screen_width/to_show : [444/45/26/1]
 screen_x_start/end: [431][457]
 screen_y_start/end: [345][389]
gun hit = [0]
last key pressed : [119]
move_dir_x:[0.958073]
move_dir_y:[-0.286525]
next_pos_x/y: [7.803813][9.348097]
floor next_pos_x/y: [8][9]
0 0 0 0 0 0 0 0 0 
0 0 0 0 0 0 0 0 0 
0 0 0 0 0 0 0 0 0 
0 0 0 0 0 0 0 [32m4 [0m[33m5 [0m
0 0 0 0 [34m0 [0m[33m1 [0m[33m2 [0m[33m3 [0m0 
0 0 0 0 0 0 0 0 0 
0 0 0 0 0 0 0 0 0 
0 0 0 0 0 0 0 0 0 
0 0 0 0 0 0 0 0 0 

pos_x/pos_y: (7.803813:9.348097)
dir_x/dir_y: (0.958073:-0.286525)
plane_x/plane_y: (0.257872:0.862265)
pente y/x : (-0.299063)
delta_dist_x/delta_dist_y: (1.043762:3.490102)


world pos_x/pos_y : [18.500000/2.500000]
cam pos_x/pos_y : [10.935705/-6.919728]
norm/dir_proj/plane_proj : [12.941109/12.459874/-3.496256]
screen_x/screen_height/screen_width/to_show : [440/46/26/1]
 screen_x_start/end: [427][453]
 screen_y_start/end: [344][390]
gun hit = [0]
last key pressed : [119]
move_dir_x:[-0.102273]
move_dir_y:[0.894170]
next_pos_x/y: [7.778244][9.571639]
floor next_pos_x/y: [8][10]
move_dir_x:[0.993522]
move_dir_y:[0.113637]
next_pos_x/y: [8.026625][9.600048]
floor next_pos_x/y: [8][10]
0 0 0 0 0 0 0 0 0 
0 0 0 0 0 0 0 0 0 
0 0 0 0 0 0 0 0 0 
0 0 0 0 0 0 0 0 0 
0 0 0 0 [34m0 [0m[33m1 [0m[33m2 [0m[33m3 [0m[33m4 [0m
0 0 0 0 0 0 0 0 0 
0 0 0 0 0 0 0 0 0 
0 0 0 0 0 0 0 0 0 
0 0 0 0 0 0 0 0 0 

pos_x/pos_y: (8.026625:9.600048)
dir_x/dir_y: (0.993522:0.113637)
plane_x/plane_y: (-0.102273:0.894170)
pente y/x : (0.114378)
delta_dist_x/delta_dist_y: (1.006520:8.799972)


world pos_x/pos_y : [18.500000/2.500000]
cam pos_x/pos_y : [10.696187/-6.848097]
norm/dir_proj/plane_proj : [12.700584/9.848705/-8.019217]
screen_x/screen_height/screen_width/to_show : [60/47/27/1]
 screen_x_start/end: [47][73]
 screen_y_start/end: [346][392]
gun hit = [0]
last key pressed : [100]
move_dir_x:[-0.123311]
move_dir_y:[0.891512]
next_pos_x/y: [7.995797][9.822927]
floor next_pos_x/y: [8][10]
move_dir_x:[0.990569]
move_dir_y:[0.137012]
next_pos_x/y: [8.243439][9.857180]
floor next_pos_x/y: [8][10]
0 0 0 0 0 0 0 0 0 
0 0 0 0 0 0 0 0 0 
0 0 0 0 0 0 0 0 0 
0 0 0 0 0 0 0 0 0 
0 0 0 0 [34m0 [0m[33m1 [0m[33m2 [0m[33m3 [0m[33m4 [0m
0 0 0 0 0 0 0 0 0 
0 0 0 0 0 0 0 0 0 
0 0 0 0 0 0 0 0 0 
0 0 0 0 0 0 0 0 0 

pos_x/pos_y: (8.243439:9.857180)
dir_x/dir_y: (0.990569:0.137012)
plane_x/plane_y: (-0.123311:0.891512)
pente y/x : (0.138317)
delta_dist_x/delta_dist_y: (1.009520:7.298613)


world pos_x/pos_y : [18.500000/2.500000]
cam pos_x/pos_y : [10.473375/-7.100048]
norm/dir_proj/plane_proj : [12.653152/9.401812/-8.468071]
screen_x/screen_height/screen_width/to_show : [0/47/27/1]
 screen_x_start/end: [-13][13]
 screen_y_start/end: [346][392]
gun hit = [0]
last key pressed : [100]
move_dir_x:[-0.123311]
move_dir_y:[0.891512]
next_pos_x/y: [8.212611][10.080058]
floor next_pos_x/y: [8][10]
move_dir_x:[0.990569]
move_dir_y:[0.137012]
next_pos_x/y: [8.460254][10.114311]
floor next_pos_x/y: [8][10]
0 0 0 0 0 0 0 0 0 
0 0 0 0 0 0 0 0 0 
0 0 0 0 0 0 0 0 0 
0 0 0 0 0 0 0 0 0 
0 0 0 0 [34m0 [0m[33m1 [0m[33m2 [0m[33m3 [0m[33m4 [0m
0 0 0 0 0 0 0 0 0 
0 0 0 0 0 0 0 0 0 
0 0 0 0 0 0 0 0 0 
0 0 0 0 0 0 0 0 0 

pos_x/pos_y: (8.460254:10.114311)
dir_x/dir_y: (0.990569:0.137012)
plane_x/plane_y: (-0.123311:0.891512)
pente y/x : (0.138317)
delta_dist_x/delta_dist_y: (1.009520:7.298613)


world pos_x/pos_y : [18.500000/2.500000]
cam pos_x/pos_y : [10.256561/-7.357180]
norm/dir_proj/plane_proj : [12.622406/9.151811/-8.693071]
screen_x/screen_height/screen_width/to_show : [-35/47/27/1]
 screen_x_start/end: [-48][-22]
 screen_y_start/end: [346][392]
gun hit = [0]
last key pressed : [100]
move_dir_x:[-0.227242]
move_dir_y:[0.870839]
next_pos_x/y: [8.403443][10.332021]
floor next_pos_x/y: [8][10]
move_dir_x:[0.967599]
move_dir_y:[0.252492]
next_pos_x/y: [8.645343][10.395144]
floor next_pos_x/y: [9][10]
0 0 0 0 0 0 0 0 0 
0 0 0 0 0 0 0 0 0 
0 0 0 0 0 0 0 0 0 
0 0 0 0 0 0 0 0 0 
0 0 0 0 [34m0 [0m[33m1 [0m[33m2 [0m[33m3 [0m0 
0 0 0 0 0 0 0 [32m4 [0m[33m5 [0m
0 0 0 0 0 0 0 0 0 
0 0 0 0 0 0 0 0 0 
0 0 0 0 0 0 0 0 0 

pos_x/pos_y: (8.645343:10.395144)
dir_x/dir_y: (0.967599:0.252492)
plane_x/plane_y: (-0.227242:0.870839)
pente y/x : (0.260946)
delta_dist_x/delta_dist_y: (1.033486:3.960528)


world pos_x/pos_y : [18.500000/2.500000]
cam pos_x/pos_y : [10.039746/-7.614311]
norm/dir_proj/plane_proj : [12.600565/7.791900/-9.902552]
screen_x/screen_height/screen_width/to_show : [-263/47/27/1]
 screen_x_start/end: [-276][-250]
 screen_y_start/end: [348][394]
gun hit = [0]
last key pressed : [100]
move_dir_x:[-0.227242]
move_dir_y:[0.870839]
next_pos_x/y: [8.588532][10.612853]
floor next_pos_x/y: [9][11]
move_dir_x:[0.967599]
move_dir_y:[0.252492]
next_pos_x/y: [8.830432][10.675976]
floor next_pos_x/y: [9][11]
0 0 0 0 0 0 0 0 0 
0 0 0 0 0 0 0 0 0 
0 0 0 0 0 0 0 0 0 
0 0 0 0 0 0 0 0 0 
0 0 0 0 [34m0 [0m[33m1 [0m[33m2 [0m[33m3 [0m0 
0 0 0 0 0 0 0 [32m4 [0m[33m5 [0m
0 0 0 0 0 0 0 0 0 
0 0 0 0 0 0 0 0 0 
0 0 0 0 0 0 0 0 0 

pos_x/pos_y: (8.830432:10.675976)
dir_x/dir_y: (0.967599:0.252492)
plane_x/plane_y: (-0.227242:0.870839)
pente y/x : (0.260946)
delta_dist_x/delta_dist_y: (1.033486:3.960528)


world pos_x/pos_y : [18.500000/2.500000]
cam pos_x/pos_y : [9.854657/-7.895144]
norm/dir_proj/plane_proj : [12.627254/7.541900/-10.127551]
screen_x/screen_height/screen_width/to_show : [-314/47/27/1]
 screen_x_start/end: [-327][-301]
 screen_y_start/end: [348][394]
gun hit = [0]
last key pressed : [100]
move_dir_x:[0.970978]
move_dir_y:[0.239169]
next_pos_x/y: [9.073176][10.735768]
floor next_pos_x/y: [9][11]
0 0 0 0 0 0 0 0 0 
0 0 0 0 0 0 0 0 0 
0 0 0 0 0 0 0 0 0 
0 0 0 0 0 0 0 0 0 
0 0 0 0 [34m0 [0m[33m1 [0m[33m2 [0m[33m3 [0m[33m4 [0m
0 0 0 0 0 0 0 0 [32m5 [0m
0 0 0 0 0 0 0 0 0 
0 0 0 0 [2J[1;1H[2J[1;1H[2J[1;1H[2J[1;1H[2J[1;1H[2J[1;1H[2J[1;1H[2J[1;1H[2J[1;1H[2J[1;1H[2J[1;1H0 0 0 0 0 
0 0 0 0 0 0 0 0 0 

pos_x/pos_y: (9.073176:10.735768)
dir_x/dir_y: (0.970978:0.239169)
plane_x/plane_y: (-0.215252:0.873880)
pente y/x : (0.246318)
delta_dist_x/delta_dist_y: (1.029889:4.181144)


world pos_x/pos_y : [18.500000/2.500000]
cam pos_x/pos_y : [9.669568/-8.175976]
norm/dir_proj/plane_proj : [12.662825/7.433498/-10.251353]
screen_x/screen_height/screen_width/to_show : [-340/47/27/1]
 screen_x_start/end: [-353][-327]
 screen_y_start/end: [349][395]
gun hit = [0]
last key pressed : [100]
move_dir_x:[0.970978]
move_dir_y:[0.239169]
next_pos_x/y: [9.315921][10.795561]
floor next_pos_x/y: [9][11]
0 0 0 0 0 0 0 0 0 
0 0 0 0 0 0 0 0 0 
0 0 0 0 0 0 0 0 0 
0 0 0 0 0 0 0 0 0 
0 0 0 0 [34m0 [0m[33m1 [0m[33m2 [0m[33m3 [0m[33m4 [0m
0 0 0 0 0 0 0 0 [32m5 [0m
0 0 0 0 0 0 0 0 0 
0 0 0 0 0 0 0 0 0 
0 0 0 0 0 0 0 0 0 

pos_x/pos_y: (9.315921:10.795561)
dir_x/dir_y: (0.970978:0.239169)
plane_x/plane_y: (-0.215252:0.873880)
pente y/x : (0.246318)
delta_dist_x/delta_dist_y: (1.029889:4.181144)


world pos_x/pos_y : [18.500000/2.500000]
cam pos_x/pos_y : [9.426824/-8.235768]
norm/dir_proj/plane_proj : [12.517703/7.183498/-10.251353]
screen_x/screen_height/screen_width/to_show : [-374/47/27/1]
 screen_x_start/end: [-387][-361]
 screen_y_start/end: [349][395]
gun hit = [0]
last key pressed : [100]
move_dir_x:[0.970978]
move_dir_y:[0.239169]
next_pos_x/y: [9.558665][10.855353]
floor next_pos_x/y: [10][11]
0 0 0 0 0 0 0 0 0 
0 0 0 0 0 0 0 0 0 
0 0 0 0 0 0 0 0 0 
0 0 0 0 0 0 0 0 0 
0 0 0 0 [34m0 [0m[33m1 [0m[33m2 [0m[33m3 [0m[33m4 [0m
0 0 0 0 0 0 0 0 [32m5 [0m
0 0 0 0 0 0 0 0 0 
0 0 0 0 0 0 0 0 0 
0 0 0 0 0 0 0 0 0 

pos_x/pos_y: (9.558665:10.855353)
dir_x/dir_y: (0.970978:0.239169)
plane_x/plane_y: (-0.215252:0.873880)
pente y/x : (0.246318)
delta_dist_x/delta_dist_y: (1.029889:4.181144)


world pos_x/pos_y : [18.500000/2.500000]
cam pos_x/pos_y : [9.184079/-8.295561]
norm/dir_proj/plane_proj : [12.375930/6.933498/-10.251353]
screen_x/screen_height/screen_width/to_show : [-411/48/27/1]
 screen_x_start/end: [-424][-398]
 screen_y_start/end: [348][396]
gun hit = [0]
last key pressed : [100]
move_dir_x:[0.970978]
move_dir_y:[0.239169]
next_pos_x/y: [9.801410][10.915146]
floor next_pos_x/y: [10][11]
0 0 0 0 0 0 0 0 0 
0 0 0 0 0 0 0 0 0 
0 0 0 0 0 0 0 0 0 
0 0 0 0 0 0 0 0 0 
0 0 0 0 [34m0 [0m[33m1 [0m[33m2 [0m[33m3 [0m[33m4 [0m
0 0 0 0 0 0 0 0 [32m5 [0m
0 0 0 0 0 0 0 0 0 
0 0 0 0 0 0 0 0 0 
0 0 0 0 0 0 0 0 0 

pos_x/pos_y: (9.801410:10.915146)
dir_x/dir_y: (0.970978:0.239169)
plane_x/plane_y: (-0.215252:0.873880)
pente y/x : (0.246318)
delta_dist_x/delta_dist_y: (1.029889:4.181144)


world pos_x/pos_y : [18.500000/2.500000]
cam pos_x/pos_y : [8.941335/-8.355353]
norm/dir_proj/plane_proj : [12.237622/6.683498/-10.251354]
screen_x/screen_height/screen_width/to_show : [-450/49/28/1]
 screen_x_start/end: [-464][-436]
 screen_y_start/end: [349][397]
gun hit = [0]
last key pressed : [100]
move_dir_x:[0.970978]
move_dir_y:[0.239169]
next_pos_x/y: [10.044154][10.974938]
floor next_pos_x/y: [10][11]
0 0 0 0 0 0 0 0 0 
0 0 0 0 0 0 0 0 0 
0 0 0 0 0 0 0 0 0 
0 0 0 0 0 0 0 0 0 
0 0 0 0 [34m0 [0m[33m1 [0m[33m2 [0m[33m3 [0m[33m4 [0m
0 0 0 0 0 0 0 0 [32m5 [0m
0 0 0 0 0 0 0 0 0 
0 0 0 0 0 0 0 0 0 
0 0 0 0 0 0 0 0 0 

pos_x/pos_y: (10.044154:10.974938)
dir_x/dir_y: (0.970978:0.239169)
plane_x/plane_y: (-0.215252:0.873880)
pente y/x : (0.246318)
delta_dist_x/delta_dist_y: (1.029889:4.181144)


world pos_x/pos_y : [18.500000/2.500000]
cam pos_x/pos_y : [8.698590/-8.415146]
norm/dir_proj/plane_proj : [12.102899/6.433497/-10.251354]
screen_x/screen_height/screen_width/to_show : [-493/49/28/1]
 screen_x_start/end: [-507][-479]
 screen_y_start/end: [349][397]
gun hit = [0]
last key pressed : [100]
0 0 0 0 0 0 0 0 0 
0 0 0 0 0 0 0 0 0 
0 0 0 0 0 0 0 0 0 
0 0 0 0 0 0 0 0 0 
0 0 0 0 [34m0 [0m[33m1 [0m[33m2 [0m[33m3 [0m[33m4 [0m
0 0 0 0 0 0 0 0 [32m5 [0m
0 0 0 0 0 0 0 0 0 
0 0 0 0 0 0 0 0 0 
0 0 0 0 0 0 0 0 0 

pos_x/pos_y: (10.044154:10.974938)
dir_x/dir_y: (0.970978:0.239169)
plane_x/plane_y: (-0.215252:0.873880)
pente y/x : (0.246318)
delta_dist_x/delta_dist_y: (1.029889:4.181144)


world pos_x/pos_y : [18.500000/2.500000]
cam pos_x/pos_y : [8.455846/-8.474938]
norm/dir_proj/plane_proj : [11.971880/6.183497/-10.251354]
screen_x/screen_height/screen_width/to_show : [-538/50/29/1]
 screen_x_start/end: [-552][-524]
 screen_y_start/end: [349][399]
gun hit = [0]
last key pressed : [100]
0 0 0 0 0 0 0 0 0 
0 0 0 0 0 0 0 0 0 
0 0 0 0 0 0 0 0 0 
0 0 0 0 0 0 0 0 0 
0 0 0 0 [34m0 [0m[33m1 [0m[33m2 [0m[33m3 [0m[33m4 [0m
0 0 0 0 0 0 0 0 [32m5 [0m
0 0 0 0 0 0 0 0 0 
0 0 0 0 0 0 0 0 0 
0 0 0 0 0 0 0 0 0 

pos_x/pos_y: (10.044154:10.974938)
dir_x/dir_y: (0.970978:0.239169)
plane_x/plane_y: (-0.215252:0.873880)
pente y/x : (0.246318)
delta_dist_x/delta_dist_y: (1.029889:4.181144)


world pos_x/pos_y : [18.500000/2.500000]
cam pos_x/pos_y : [8.455846/-8.474938]
norm/dir_proj/plane_proj : [11.971880/6.183497/-10.251354]
screen_x/screen_height/screen_width/to_show : [-538/50/29/1]
 screen_x_start/end: [-552][-524]
 screen_y_start/end: [349][399]
gun hit = [0]
last key pressed : [100]
0 0 0 0 0 0 0 0 0 
0 0 0 0 0 0 0 0 0 
0 0 0 0 0 0 0 0 0 
0 0 0 0 0 0 0 0 0 
0 0 0 0 [34m0 [0m[33m1 [0m[33m2 [0m[33m3 [0m[33m4 [0m
0 0 0 0 0 0 0 0 [32m5 [0m
0 0 0 0 0 0 0 0 0 
0 0 0 0 0 0 0 0 0 
0 0 0 0 0 0 0 0 0 

pos_x/pos_y: (10.044154:10.974938)
dir_x/dir_y: (0.971446:0.237262)
plane_x/plane_y: (-0.213536:0.874301)
pente y/x : (0.244236)
delta_dist_x/delta_dist_y: (1.029394:4.214749)


world pos_x/pos_y : [18.500000/2.500000]
cam pos_x/pos_y : [8.455846/-8.474938]
norm/dir_proj/plane_proj : [11.971880/6.203615/-10.239194]
screen_x/screen_height/screen_width/to_show : [-533/50/29/1]
 screen_x_start/end: [-547][-519]
 screen_y_start/end: [349][399]
gun hit = [0]
last key pressed : [100]
0 0 0 0 0 0 0 0 0 
0 0 0 0 0 0 0 0 0 
0 0 0 0 0 0 0 0 0 
0 0 0 0 0 0 0 0 0 
0 0 0 0 [34m0 [0m[33m1 [0m[33m2 [0m[33m3 [0m[33m4 [0m
0 0 0 0 0 0 0 0 [32m5 [0m
0 0 0 0 0 0 0 0 0 
0 0 0 0 0 0 0 0 0 
0 0 0 0 0 0 0 0 0 

pos_x/pos_y: (10.044154:10.974938)
dir_x/dir_y: (0.971446:0.237262)
plane_x/plane_y: (-0.213536:0.874301)
pente y/x : (0.244236)
delta_dist_x/delta_dist_y: (1.029394:4.214749)


world pos_x/pos_y : [18.500000/2.500000]
cam pos_x/pos_y : [8.455846/-8.474938]
norm/dir_proj/plane_proj : [11.971880/6.203615/-10.239194]
screen_x/screen_height/screen_width/to_show : [-533/50/29/1]
 screen_x_start/end: [-547][-519]
 screen_y_start/end: [349][399]
gun hit = [0]
last key pressed : [100]
0 0 0 0 0 0 0 0 0 
0 0 0 0 0 0 0 0 0 
0 0 0 0 0 0 0 0 0 
0 0 0 0 0 0 0 0 0 
0 0 0 0 [34m0 [0m[33m1 [0m[33m2 [0m[33m3 [0m[33m4 [0m
0 0 0 0 0 0 0 0 0 
0 0 0 0 0 0 0 0 0 
0 0 0 0 0 0 0 0 0 
0 0 0 0 0 0 0 0 0 

pos_x/pos_y: (10.044154:10.974938)
dir_x/dir_y: (0.991100:0.133121)
plane_x/plane_y: (-0.119809:0.891990)
pente y/x : (0.134317)
delta_dist_x/delta_dist_y: (1.008980:7.511942)


world pos_x/pos_y : [18.500000/2.500000]
cam pos_x/pos_y : [8.455846/-8.474938]
norm/dir_proj/plane_proj : [11.971880/7.252392/-9.525163]
screen_x/screen_height/screen_width/to_show : [-293/50/29/1]
 screen_x_start/end: [-307][-279]
 screen_y_start/end: [347][397]
gun hit = [0]
last key pressed : [100]
move_dir_x:[0.991100]
move_dir_y:[0.133121]
next_pos_x/y: [10.291929][11.008219]
floor next_pos_x/y: [10][11]
0 0 0 0 0 0 0 0 0 
0 0 0 0 0 0 0 0 0 
0 0 0 0 0 0 0 0 0 
0 0 0 0 0 0 0 0 0 
0 0 0 0 [34m0 [0m[33m1 [0m[33m2 [0m[33m3 [0m[33m4 [0m
0 0 0 0 0 0 0 0 0 
0 0 0 0 0 0 0 0 0 
0 0 0 0 0 0 0 0 0 
0 0 0 0 0 0 0 0 0 

pos_x/pos_y: (10.291929:10.974938)
dir_x/dir_y: (0.991100:0.133121)
plane_x/plane_y: (-0.119809:0.891990)
pente y/x : (0.134317)
delta_dist_x/delta_dist_y: (1.008980:7.511942)


world pos_x/pos_y : [18.500000/2.500000]
cam pos_x/pos_y : [8.455846/-8.474938]
norm/dir_proj/plane_proj : [11.971880/7.252392/-9.525163]
screen_x/screen_height/screen_width/to_show : [-293/50/29/1]
 screen_x_start/end: [-307][-279]
 screen_y_start/end: [347][397]
gun hit = [0]
last key pressed : [119]
move_dir_x:[0.993744]
move_dir_y:[0.111686]
next_pos_x/y: [10.5403[2J[1;1H[2J[1;1H[2J[1;1H[2J[1;1H[2J[1;1H[2J[1;1H[2J[1;1H[2J[1;1H[2J[1;1H[2J[1;1H65][11.002860]
floor next_pos_x/y: [11][11]
0 0 0 0 0 0 0 0 0 
0 0 0 0 0 0 0 0 0 
0 0 0 0 0 0 0 0 0 
0 0 0 0 0 0 0 0 0 
0 0 0 0 [34m0 [0m[33m1 [0m[33m2 [0m[33m3 [0m[33m4 [0m
0 0 0 0 0 0 0 0 0 
0 0 0 0 0 0 0 0 0 
0 0 0 0 0 0 0 0 0 
0 0 0 0 0 0 0 0 0 

pos_x/pos_y: (10.540365:10.974938)
dir_x/dir_y: (0.993744:0.111686)
plane_x/plane_y: (-0.100517:0.894369)
pente y/x : (0.112389)
delta_dist_x/delta_dist_y: (1.006296:8.953693)


world pos_x/pos_y : [18.500000/2.500000]
cam pos_x/pos_y : [8.208071/-8.474938]
norm/dir_proj/plane_proj : [11.798178/7.210188/-9.338640]
screen_x/screen_height/screen_width/to_show : [-281/50/29/1]
 screen_x_start/end: [-295][-267]
 screen_y_start/end: [347][397]
gun hit = [0]
last key pressed : [119]
move_dir_x:[0.993744]
move_dir_y:[0.111686]
next_pos_x/y: [10.788801][11.002860]
floor next_pos_x/y: [11][11]
0 0 0 0 0 0 0 0 0 
0 0 0 0 0 0 0 0 0 
0 0 0 0 0 0 0 0 0 
0 0 0 0 0 0 0 0 0 
0 0 0 0 [34m0 [0m[33m1 [0m[33m2 [0m[33m3 [0m[33m4 [0m
0 0 0 0 0 0 0 0 0 
0 0 0 0 0 0 0 0 0 
0 0 0 0 0 0 0 0 0 
0 0 0 0 0 0 0 0 0 

pos_x/pos_y: (10.788801:10.974938)
dir_x/dir_y: (0.993744:0.111686)
plane_x/plane_y: (-0.100517:0.894369)
pente y/x : (0.112389)
delta_dist_x/delta_dist_y: (1.006296:8.953693)


world pos_x/pos_y : [18.500000/2.500000]
cam pos_x/pos_y : [7.959635/-8.474938]
norm/dir_proj/plane_proj : [11.626709/6.963306/-9.310893]
screen_x/screen_height/screen_width/to_show : [-310/51/29/1]
 screen_x_start/end: [-324][-296]
 screen_y_start/end: [347][397]
gun hit = [0]
last key pressed : [119]
move_dir_x:[0.995924]
move_dir_y:[0.090198]
next_pos_x/y: [11.037782][10.997488]
floor next_pos_x/y: [11][11]
0 0 0 0 0 0 0 0 0 
0 0 0 0 0 0 0 0 0 
0 0 0 0 0 0 0 0 0 
0 0 0 0 0 0 0 0 0 
0 0 0 0 [34m0 [0m[33m1 [0m[33m2 [0m[33m3 [0m[33m4 [0m
0 0 0 0 0 0 0 0 0 
0 0 0 0 0 0 0 0 0 
0 0 0 0 0 0 0 0 0 
0 0 0 0 0 0 0 0 0 

pos_x/pos_y: (11.037782:10.997488)
dir_x/dir_y: (0.995924:0.090198)
plane_x/plane_y: (-0.081178:0.896331)
pente y/x : (0.090567)
delta_dist_x/delta_dist_y: (1.004093:11.086713)


world pos_x/pos_y : [18.500000/2.500000]
cam pos_x/pos_y : [7.711199/-8.474938]
norm/dir_proj/plane_proj : [11.458061/6.915344/-9.135928]
screen_x/screen_height/screen_width/to_show : [-299/52/30/1]
 screen_x_start/end: [-314][-284]
 screen_y_start/end: [347][399]
gun hit = [0]
last key pressed : [119]
move_dir_x:[0.995924]
move_dir_y:[0.090198]
next_pos_x/y: [11.286762][11.020038]
floor next_pos_x/y: [11][11]
0 0 0 0 0 0 0 0 0 
0 0 0 0 0 0 0 0 0 
0 0 0 0 0 0 0 0 0 
0 0 0 0 0 0 0 0 0 
0 0 0 0 [34m0 [0m[33m1 [0m[33m2 [0m[33m3 [0m[33m4 [0m
0 0 0 0 0 0 0 0 0 
0 0 0 0 0 0 0 0 0 
0 0 0 0 0 0 0 0 0 
0 0 0 0 0 0 0 0 0 

pos_x/pos_y: (11.286762:10.997488)
dir_x/dir_y: (0.995924:0.090198)
plane_x/plane_y: (-0.081178:0.896331)
pente y/x : (0.090567)
delta_dist_x/delta_dist_y: (1.004093:11.086713)


world pos_x/pos_y : [18.500000/2.500000]
cam pos_x/pos_y : [7.462218/-8.497488]
norm/dir_proj/plane_proj : [11.308935/6.665345/-9.135928]
screen_x/screen_height/screen_width/to_show : [-334/53/30/1]
 screen_x_start/end: [-349][-319]
 screen_y_start/end: [347][399]
gun hit = [0]
last key pressed : [119]
0 0 0 0 0 0 0 0 0 
0 0 0 0 0 0 0 0 0 
0 0 0 0 0 0 0 0 0 
0 0 0 0 0 0 0 0 0 
0 0 0 0 [34m0 [0m[33m1 [0m[33m2 [0m[33m3 [0m[33m4 [0m
0 0 0 0 0 0 0 0 0 
0 0 0 0 0 0 0 0 0 
0 0 0 0 0 0 0 0 0 
0 0 0 0 0 0 0 0 0 

pos_x/pos_y: (11.286762:10.997488)
dir_x/dir_y: (0.996438:0.084330)
plane_x/plane_y: (-0.075897:0.896794)
pente y/x : (0.084632)
delta_dist_x/delta_dist_y: (1.003575:11.858170)


world pos_x/pos_y : [18.500000/2.500000]
cam pos_x/pos_y : [7.213238/-8.497488]
norm/dir_proj/plane_proj : [11.146214/6.470951/-9.075512]
screen_x/screen_height/screen_width/to_show : [-357/53/30/1]
 screen_x_start/end: [-372][-342]
 screen_y_start/end: [347][399]
gun hit = [0]
last key pressed : [119]
0 0 0 0 0 0 0 0 0 
0 0 0 0 0 0 0 0 0 
0 0 0 0 0 0 0 0 0 
0 0 0 0 0 0 0 0 0 
0 0 0 0 [34m0 [0m[33m1 [0m[33m2 [0m[33m3 [0m[33m4 [0m
0 0 0 0 0 0 0 0 0 
0 0 0 0 0 0 0 0 0 
0 0 0 0 0 0 0 0 0 
0 0 0 0 0 0 0 0 0 

pos_x/pos_y: (11.286762:10.997488)
dir_x/dir_y: (0.996438:0.084330)
plane_x/plane_y: (-0.075897:0.896794)
pente y/x : (0.084632)
delta_dist_x/delta_dist_y: (1.003575:11.858170)


world pos_x/pos_y : [18.500000/2.500000]
cam pos_x/pos_y : [7.213238/-8.497488]
norm/dir_proj/plane_proj : [11.146214/6.470951/-9.075512]
screen_x/screen_height/screen_width/to_show : [-357/53/30/1]
 screen_x_start/end: [-372][-342]
 screen_y_start/end: [347][399]
gun hit = [0]
last key pressed : [119]
0 0 0 0 0 0 0 0 0 
0 0 0 0 0 0 0 0 0 
0 0 0 0 0 0 0 0 0 
0 0 0 0 0 0 0 0 0 
0 0 0 0 [34m0 [0m[33m1 [0m[33m2 [0m[33m3 [0m[33m4 [0m
0 0 0 0 0 0 0 0 0 
0 0 0 0 0 0 0 0 0 
0 0 0 0 0 0 0 0 0 
0 0 0 0 0 0 0 0 0 

pos_x/pos_y: (11.286762:10.997488)
dir_x/dir_y: (0.996438:0.084330)
plane_x/plane_y: (-0.075897:0.896794)
pente y/x : (0.084632)
delta_dist_x/delta_dist_y: (1.003575:11.858170)


world pos_x/pos_y : [18.500000/2.500000]
cam pos_x/pos_y : [7.213238/-8.497488]
norm/dir_proj/plane_proj : [11.146214/6.470951/-9.075512]
screen_x/screen_height/screen_width/to_show : [-357/53/30/1]
 screen_x_start/end: [-372][-342]
 screen_y_start/end: [347][399]
gun hit = [0]
last key pressed : [119]
0 0 0 0 0 0 0 0 0 
0 0 0 0 0 0 0 0 0 
0 0 0 0 0 0 0 0 0 
0 0 0 0 0 0 0 0 0 
0 0 0 0 [34m0 [0m[33m1 [0m[33m2 [0m[33m3 [0m[33m4 [0m
0 0 0 0 0 0 0 0 0 
0 0 0 0 0 0 0 0 0 
0 0 0 0 0 0 0 0 0 
0 0 0 0 0 0 0 0 0 

pos_x/pos_y: (11.286762:10.997488)
dir_x/dir_y: (0.996438:0.084330)
plane_x/plane_y: (-0.075897:0.896794)
pente y/x : (0.084632)
delta_dist_x/delta_dist_y: (1.003575:11.858170)


world pos_x/pos_y : [18.500000/2.500000]
cam pos_x/pos_y : [7.213238/-8.497488]
norm/dir_proj/plane_proj : [11.146214/6.470951/-9.075512]
screen_x/screen_height/screen_width/to_show : [-357/53/30/1]
 screen_x_start/end: [-372][-342]
 screen_y_start/end: [347][399]
gun hit = [0]
last key pressed : [119]
0 0 0 0 0 0 0 0 0 
0 0 0 0 0 0 0 0 0 
0 0 0 0 0 0 0 0 0 
0 0 0 0 0 0 0 0 0 
0 0 0 0 [34m0 [0m[33m1 [0m[33m2 [0m[33m3 [0m[33m4 [0m
0 0 0 0 0 0 0 0 0 
0 0 0 0 0 0 0 0 0 
0 0 0 0 0 0 0 0 0 
0 0 0 0 0 0 0 0 0 

pos_x/pos_y: (11.286762:10.997488)
dir_x/dir_y: (0.996438:0.084330)
plane_x/plane_y: (-0.075897:0.896794)
pente y/x : (0.084632)
delta_dist_x/delta_dist_y: (1.003575:11.858170)


world pos_x/pos_y : [18.500000/2.500000]
cam pos_x/pos_y : [7.213238/-8.497488]
norm/dir_proj/plane_proj : [11.146214/6.470951/-9.075512]
screen_x/screen_height/screen_width/to_show : [-357/53/30/1]
 screen_x_start/end: [-372][-342]
 screen_y_start/end: [347][399]
gun hit = [0]
last key pressed : [119]
0 0 0 0 0 0 0 0 0 
0 0 0 0 0 0 0 0 0 
0 0 0 0 0 0 0 0 0 
0 0 0 0 0 0 0 0 0 
0 0 0 0 [34m0 [0m[33m1 [0m[33m2 [0m[33m3 [0m[33m4 [0m
0 0 0 0 0 0 0 0 0 
0 0 0 0 0 0 0 0 0 
0 0 0 0 0 0 0 0 0 
0 0 0 0 0 0 0 0 0 

pos_x/pos_y: (11.286762:10.997488)
dir_x/dir_y: (0.996438:0.084330)
plane_x/plane_y: (-0.075897:0.896794)
pente y/x : (0.084632)
delta_dist_x/delta_dist_y: (1.003575:11.858170)


world pos_x/pos_y : [18.500000/2.500000]
cam pos_x/pos_y : [7.213238/-8.497488]
norm/dir_proj/plane_proj : [11.146214/6.470951/-9.075512]
screen_x/screen_height/screen_width/to_show : [-357/53/30/1]
 screen_x_start/end: [-372][-342]
 screen_y_start/end: [347][399]
gun hit = [0]
last key pressed : [119]
0 0 0 0 0 0 0 0 0 
0 0 0 0 0 0 0 0 0 
0 0 0 0 0 0 0 0 0 
0 0 0 0 0 0 0 0 0 
0 0 0 0 [34m0 [0m[33m1 [0m[33m2 [0m[33m3 [0m[33m4 [0m
0 0 0 0 0 0 0 0 0 
0 0 0 0 0 0 0 0 0 
0 0 0 0 0 0 0 0 0 
0 0 0 0 0 0 0 0 0 

pos_x/pos_y: (11.286762:10.997488)
dir_x/dir_y: (0.996438:0.084330)
plane_x/plane_y: (-0.075897:0.896794)
pente y/x : (0.084632)
delta_dist_x/delta_dist_y: (1.003575:11.858170)


world pos_x/pos_y : [18.500000/2.500000]
cam pos_x/pos_y : [7.213238/-8.497488]
norm/dir_proj/plane_proj : [11.146214/6.470951/-9.075512]
screen_x/screen_height/screen_width/to_show : [-357/53/30/1]
 screen_x_start/end: [-372][-342]
 screen_y_start/end: [347][399]
gun hit = [0]
last key pressed : [119]
[ff0000]
[fe0000]
[fd0000]
[fc0000]
[fb0000]
[fa0000]
[f90000]
[f80000]
[f70000]
[f60000]
[f50000]
[f40000]
[f30000]
[f20000]
[f10000]
[f00000]
[ef0000]
[ee0000]
[ed0000]
[ec0000]
[eb0000]
[ea0000]
[e90000]
[e80000]
[e70000]
[e60000]
[e50000]
[e40000]
[e30000]
[e20000]
[e10000]
[e00000]
[df0000]
[de0000]
[dd0000]
[dc0000]
[db0000]
[da0000]
[d90000]
[d80000]
[d70000]
[d60000]
[d50000]
[d40000]
[d30000]
[d20000]
[d10000]
[d00000]
[cf0000]
[ce0000]
[cd0000]
[cc0000]
[cb0000]
[ca0000]
[c90000]
[c80000]
[c70000]
[c60000]
[c50000]
[c40000]
[c30000]
[c20000]
[c10000]
[c00000]
